# JRE version: OpenJDK Runtime Environment (7.0_111-b01) (build 1.7.0_111-b01)
# Java VM: OpenJDK Server VM (24.111-b01 mixed mode linux-x86 )
Heap
 PSYoungGen      total 10496K, used 5950K [0xa8640000, 0xa9340000, 0xb3100000)
  eden space 8192K, 72% used [0xa8640000,0xa8c03b60,0xa8e40000)
  from space 2304K, 2% used [0xa8e40000,0xa8e4c000,0xa9080000)
  to   space 2560K, 0% used [0xa90c0000,0xa90c0000,0xa9340000)
 ParOldGen       total 21248K, used 2175K [0x93100000, 0x945c0000, 0xa8640000)
  object space 21248K, 10% used [0x93100000,0x9331fea0,0x945c0000)
 PSPermGen       total 16384K, used 6692K [0x8b100000, 0x8c100000, 0x93100000)
  object space 16384K, 40% used [0x8b100000,0x8b7893e8,0x8c100000)
GC Heap History (10 events):
Event: 32.878 GC heap before
{Heap before GC invocations=3 (full 0):
 PSYoungGen      total 9472K, used 9424K [0xa8640000, 0xa90c0000, 0xb3100000)
  eden space 8192K, 100% used [0xa8640000,0xa8e40000,0xa8e40000)
  from space 1280K, 96% used [0xa8f80000,0xa90b4150,0xa90c0000)
  to   space 1280K, 0% used [0xa8e40000,0xa8e40000,0xa8f80000)
 ParOldGen       total 21248K, used 978K [0x93100000, 0x945c0000, 0xa8640000)
  object space 21248K, 4% used [0x93100000,0x931f4960,0x945c0000)
 PSPermGen       total 16384K, used 6664K [0x8b100000, 0x8c100000, 0x93100000)
  object space 16384K, 40% used [0x8b100000,0x8b7820e8,0x8c100000)
Event: 32.890 GC heap after
Heap after GC invocations=3 (full 0):
 PSYoungGen      total 9472K, used 1200K [0xa8640000, 0xa90c0000, 0xb3100000)
  eden space 8192K, 0% used [0xa8640000,0xa8640000,0xa8e40000)
  from space 1280K, 93% used [0xa8e40000,0xa8f6c150,0xa8f80000)
  to   space 1280K, 0% used [0xa8f80000,0xa8f80000,0xa90c0000)
 ParOldGen       total 21248K, used 978K [0x93100000, 0x945c0000, 0xa8640000)
  object space 21248K, 4% used [0x93100000,0x931f4960,0x945c0000)
 PSPermGen       total 16384K, used 6664K [0x8b100000, 0x8c100000, 0x93100000)
  object space 16384K, 40% used [0x8b100000,0x8b7820e8,0x8c100000)
}
Event: 43.741 GC heap before
{Heap before GC invocations=4 (full 0):
 PSYoungGen      total 9472K, used 9392K [0xa8640000, 0xa90c0000, 0xb3100000)
  eden space 8192K, 100% used [0xa8640000,0xa8e40000,0xa8e40000)
  from space 1280K, 93% used [0xa8e40000,0xa8f6c150,0xa8f80000)
  to   space 1280K, 0% used [0xa8f80000,0xa8f80000,0xa90c0000)
 ParOldGen       total 21248K, used 978K [0x93100000, 0x945c0000, 0xa8640000)
  object space 21248K, 4% used [0x93100000,0x931f4960,0x945c0000)
 PSPermGen       total 16384K, used 6669K [0x8b100000, 0x8c100000, 0x93100000)
  object space 16384K, 40% used [0x8b100000,0x8b783478,0x8c100000)
Event: 43.756 GC heap after
Heap after GC invocations=4 (full 0):
 PSYoungGen      total 9472K, used 1208K [0xa8640000, 0xa90c0000, 0xb3100000)
  eden space 8192K, 0% used [0xa8640000,0xa8640000,0xa8e40000)
  from space 1280K, 94% used [0xa8f80000,0xa90ae160,0xa90c0000)
  to   space 1280K, 0% used [0xa8e40000,0xa8e40000,0xa8f80000)
 ParOldGen       total 21248K, used 978K [0x93100000, 0x945c0000, 0xa8640000)
  object space 21248K, 4% used [0x93100000,0x931f4960,0x945c0000)
 PSPermGen       total 16384K, used 6669K [0x8b100000, 0x8c100000, 0x93100000)
  object space 16384K, 40% used [0x8b100000,0x8b783478,0x8c100000)
}
Event: 54.727 GC heap before
{Heap before GC invocations=5 (full 0):
 PSYoungGen      total 9472K, used 9400K [0xa8640000, 0xa90c0000, 0xb3100000)
  eden space 8192K, 100% used [0xa8640000,0xa8e40000,0xa8e40000)
  from space 1280K, 94% used [0xa8f80000,0xa90ae160,0xa90c0000)
  to   space 1280K, 0% used [0xa8e40000,0xa8e40000,0xa8f80000)
 ParOldGen       total 21248K, used 978K [0x93100000, 0x945c0000, 0xa8640000)
  object space 21248K, 4% used [0x93100000,0x931f4960,0x945c0000)
 PSPermGen       total 16384K, used 6671K [0x8b100000, 0x8c100000, 0x93100000)
  object space 16384K, 40% used [0x8b100000,0x8b783f90,0x8c100000)
Event: 54.738 GC heap after
Heap after GC invocations=5 (full 0):
 PSYoungGen      total 9472K, used 1224K [0xa8640000, 0xa92c0000, 0xb3100000)
  eden space 8192K, 0% used [0xa8640000,0xa8640000,0xa8e40000)
  from space 1280K, 95% used [0xa8e40000,0xa8f72160,0xa8f80000)
  to   space 2304K, 0% used [0xa9080000,0xa9080000,0xa92c0000)
 ParOldGen       total 21248K, used 978K [0x93100000, 0x945c0000, 0xa8640000)
  object space 21248K, 4% used [0x93100000,0x931f4960,0x945c0000)
 PSPermGen       total 16384K, used 6671K [0x8b100000, 0x8c100000, 0x93100000)
  object space 16384K, 40% used [0x8b100000,0x8b783f90,0x8c100000)
}
Event: 66.026 GC heap before
{Heap before GC invocations=6 (full 0):
 PSYoungGen      total 9472K, used 9416K [0xa8640000, 0xa92c0000, 0xb3100000)
  eden space 8192K, 100% used [0xa8640000,0xa8e40000,0xa8e40000)
  from space 1280K, 95% used [0xa8e40000,0xa8f72160,0xa8f80000)
  to   space 2304K, 0% used [0xa9080000,0xa9080000,0xa92c0000)
 ParOldGen       total 21248K, used 978K [0x93100000, 0x945c0000, 0xa8640000)
  object space 21248K, 4% used [0x93100000,0x931f4960,0x945c0000)
 PSPermGen       total 16384K, used 6674K [0x8b100000, 0x8c100000, 0x93100000)
  object space 16384K, 40% used [0x8b100000,0x8b784be0,0x8c100000)
Event: 66.040 GC heap after
Heap after GC invocations=6 (full 0):
 PSYoungGen      total 10496K, used 1232K [0xa8640000, 0xa92c0000, 0xb3100000)
  eden space 8192K, 0% used [0xa8640000,0xa8640000,0xa8e40000)
  from space 2304K, 53% used [0xa9080000,0xa91b4150,0xa92c0000)
  to   space 2304K, 0% used [0xa8e40000,0xa8e40000,0xa9080000)
 ParOldGen       total 21248K, used 978K [0x93100000, 0x945c0000, 0xa8640000)
  object space 21248K, 4% used [0x93100000,0x931f4960,0x945c0000)
 PSPermGen       total 16384K, used 6674K [0x8b100000, 0x8c100000, 0x93100000)
  object space 16384K, 40% used [0x8b100000,0x8b784be0,0x8c100000)
}
Event: 76.926 GC heap before
{Heap before GC invocations=7 (full 0):
 PSYoungGen      total 10496K, used 9424K [0xa8640000, 0xa92c0000, 0xb3100000)
  eden space 8192K, 100% used [0xa8640000,0xa8e40000,0xa8e40000)
  from space 2304K, 53% used [0xa9080000,0xa91b4150,0xa92c0000)
  to   space 2304K, 0% used [0xa8e40000,0xa8e40000,0xa9080000)
 ParOldGen       total 21248K, used 978K [0x93100000, 0x945c0000, 0xa8640000)
  object space 21248K, 4% used [0x93100000,0x931f4960,0x945c0000)
 PSPermGen       total 16384K, used 6690K [0x8b100000, 0x8c100000, 0x93100000)
  object space 16384K, 40% used [0x8b100000,0x8b788868,0x8c100000)
Event: 76.940 GC heap after
Heap after GC invocations=7 (full 0):
 PSYoungGen      total 10496K, used 48K [0xa8640000, 0xa9340000, 0xb3100000)
  eden space 8192K, 0% used [0xa8640000,0xa8640000,0xa8e40000)
  from space 2304K, 2% used [0xa8e40000,0xa8e4c000,0xa9080000)
  to   space 2560K, 0% used [0xa90c0000,0xa90c0000,0xa9340000)
 ParOldGen       total 21248K, used 2175K [0x93100000, 0x945c0000, 0xa8640000)
  object space 21248K, 10% used [0x93100000,0x9331fea0,0x945c0000)
 PSPermGen       total 16384K, used 6690K [0x8b100000, 0x8c100000, 0x93100000)
  object space 16384K, 40% used [0x8b100000,0x8b788868,0x8c100000)
}

